<?xml version="1.0" encoding="UTF-8"?>
<!-- Generated by org.testng.reporters.JUnitReportReporter -->
<testsuite skipped="0" hostname="DESKTOP-J8J9DSF" name="qspiders.TestNgGroups" tests="1" failures="0" timestamp="29 May 2018 04:47:48 GMT" time="0.010" errors="0">
  <testcase name="status" time="0.010" classname="qspiders.TestNgGroups"/>
</testsuite> <!-- qspiders.TestNgGroups -->
