<?xml version="1.0" encoding="UTF-8"?>
<!-- Generated by org.testng.reporters.JUnitReportReporter -->
<testsuite skipped="0" hostname="DESKTOP-J8J9DSF" name="B1.Groups" tests="2" failures="0" timestamp="29 May 2018 07:48:27 GMT" time="20.794" errors="0">
  <testcase name="login" time="7.620" classname="B1.Groups"/>
  <testcase name="login" time="13.174" classname="B1.Groups"/>
</testsuite> <!-- B1.Groups -->
