<?xml version="1.0" encoding="UTF-8"?>
<!-- Generated by org.testng.reporters.JUnitReportReporter -->
<testsuite skipped="0" hostname="DESKTOP-J8J9DSF" name="Test.Test2" tests="1" failures="0" timestamp="31 May 2018 14:42:07 GMT" time="6.222" errors="0">
  <testcase name="test2" time="6.222" classname="Test.Test2"/>
</testsuite> <!-- Test.Test2 -->
