<?xml version="1.0" encoding="UTF-8"?>
<!-- Generated by org.testng.reporters.JUnitReportReporter -->
<testsuite skipped="0" hostname="DESKTOP-J8J9DSF" name="Test.Test3" tests="1" failures="0" timestamp="31 May 2018 14:42:07 GMT" time="13.099" errors="0">
  <testcase name="test3" time="13.099" classname="Test.Test3"/>
</testsuite> <!-- Test.Test3 -->
