<?xml version="1.0" encoding="UTF-8"?>
<!-- Generated by org.testng.reporters.JUnitReportReporter -->
<testsuite skipped="0" hostname="DESKTOP-J8J9DSF" name="qspiders.TestNG" tests="7" failures="0" timestamp="24 May 2018 17:59:25 GMT" time="0.016" errors="0">
  <testcase name="pqr" time="0.016" classname="qspiders.TestNG"/>
  <testcase name="xyz" time="0.000" classname="qspiders.TestNG"/>
  <testcase name="abc" time="0.000" classname="qspiders.TestNG"/>
  <testcase name="abc" time="0.000" classname="qspiders.TestNG"/>
  <testcase name="abc" time="0.000" classname="qspiders.TestNG"/>
  <testcase name="abc" time="0.000" classname="qspiders.TestNG"/>
  <testcase name="abc" time="0.000" classname="qspiders.TestNG"/>
</testsuite> <!-- qspiders.TestNG -->
