<?xml version="1.0" encoding="UTF-8"?>
<!-- Generated by org.testng.reporters.JUnitReportReporter -->
<testsuite skipped="0" hostname="DESKTOP-J8J9DSF" name="B1.Sample1" tests="1" failures="0" timestamp="31 May 2018 14:40:01 GMT" time="10.043" errors="0">
  <testcase name="login" time="10.043" classname="B1.Sample1"/>
</testsuite> <!-- B1.Sample1 -->
