<?xml version="1.0" encoding="UTF-8"?>
<!-- Generated by org.testng.reporters.JUnitReportReporter -->
<testsuite skipped="0" hostname="DESKTOP-J8J9DSF" name="qspiders.orderofSuites" tests="1" failures="0" timestamp="25 May 2018 05:04:18 GMT" time="0.015" errors="0">
  <testcase name="i" time="0.015" classname="qspiders.orderofSuites"/>
</testsuite> <!-- qspiders.orderofSuites -->
