<?xml version="1.0" encoding="UTF-8"?>
<!-- Generated by org.testng.reporters.JUnitReportReporter -->
<testsuite skipped="0" hostname="DESKTOP-J8J9DSF" name="pom.Loginpage" tests="1" failures="0" timestamp="30 May 2018 06:26:53 GMT" time="6.383" errors="0">
  <testcase name="abc" time="6.383" classname="pom.Loginpage"/>
</testsuite> <!-- pom.Loginpage -->
