<?xml version="1.0" encoding="UTF-8"?>
<!-- Generated by org.testng.reporters.JUnitReportReporter -->
<testsuite skipped="0" hostname="DESKTOP-J8J9DSF" name="Test.Test1" tests="1" failures="0" timestamp="31 May 2018 14:42:07 GMT" time="17.659" errors="0">
  <testcase name="test1" time="17.659" classname="Test.Test1"/>
</testsuite> <!-- Test.Test1 -->
